[1103/000029.993:ERROR:filesystem_win.cc(148)] DeleteFile C:\Users\ANDREY~1\AppData\Local\Temp\scoped_dir8128_1280681178\Crashpad\reports\0a9a5362-eb6d-49b3-83a3-9995c95d73e3.dmp: Процесс не может получить доступ к файлу, так как этот файл занят другим процессом. (0x20)
[1103/160156.624:ERROR:process_info.cc(359)] UncheckedAllocate
[1103/165003.630:ERROR:filesystem_win.cc(148)] DeleteFile C:\Users\ANDREY~1\AppData\Local\Temp\scoped_dir14536_82924052\Crashpad\reports\6ea7201a-b7ee-443a-9587-b01cb6a502ec.dmp: Процесс не может получить доступ к файлу, так как этот файл занят другим процессом. (0x20)
[1107/131336.470:ERROR:process_info.cc(359)] UncheckedAllocate
[1107/131336.470:ERROR:process_info.cc(359)] UncheckedAllocate
[1107/131336.577:ERROR:process_memory_win.cc(73)] ReadMemory at 0x7ff716f10000 of 64 bytes failed: Запрос ReadProcessMemory или WriteProcessMemory был выполнен только частично. (0x12B)
[1107/131336.577:WARNING:pe_image_reader.cc(340)] could not read dos header from C:\Program Files (x86)\Google\Chrome\Application\chrome.exe
[1107/131336.577:ERROR:process_memory_win.cc(73)] ReadMemory at 0x7ffe21e70000 of 64 bytes failed: Запрос ReadProcessMemory или WriteProcessMemory был выполнен только частично. (0x12B)
[1107/131336.577:WARNING:pe_image_reader.cc(340)] could not read dos header from C:\WINDOWS\System32\KERNEL32.DLL
[1107/131336.577:ERROR:process_memory_win.cc(73)] ReadMemory at 0x7ffe1fec0000 of 64 bytes failed: Запрос ReadProcessMemory или WriteProcessMemory был выполнен только частично. (0x12B)
[1107/131336.577:WARNING:pe_image_reader.cc(340)] could not read dos header from C:\WINDOWS\System32\KERNELBASE.dll
[1107/131336.577:ERROR:process_memory_win.cc(73)] ReadMemory at 0x7ffdf9010000 of 64 bytes failed: Запрос ReadProcessMemory или WriteProcessMemory был выполнен только частично. (0x12B)
[1107/131336.577:WARNING:pe_image_reader.cc(340)] could not read dos header from C:\Program Files (x86)\Google\Chrome\Application\77.0.3865.120\chrome_elf.dll
[1107/131336.577:ERROR:process_memory_win.cc(73)] ReadMemory at 0x7ffe15510000 of 64 bytes failed: Запрос ReadProcessMemory или WriteProcessMemory был выполнен только частично. (0x12B)
[1107/131336.578:WARNING:pe_image_reader.cc(340)] could not read dos header from C:\WINDOWS\SYSTEM32\VERSION.dll
[1107/131336.578:ERROR:process_memory_win.cc(73)] ReadMemory at 0x7ffe21dd0000 of 64 bytes failed: Запрос ReadProcessMemory или WriteProcessMemory был выполнен только частично. (0x12B)
[1107/131336.578:WARNING:pe_image_reader.cc(340)] could not read dos header from C:\WINDOWS\System32\msvcrt.dll
[1107/131336.578:ERROR:process_memory_win.cc(73)] ReadMemory at 0x7ffe1fc00000 of 64 bytes failed: Запрос ReadProcessMemory или WriteProcessMemory был выполнен только частично. (0x12B)
[1107/131336.578:WARNING:pe_image_reader.cc(340)] could not read dos header from C:\WINDOWS\System32\bcryptPrimitives.dll
[1107/131336.578:ERROR:process_memory_win.cc(73)] ReadMemory at 0x7ffe23210000 of 64 bytes failed: Запрос ReadProcessMemory или WriteProcessMemory был выполнен только частично. (0x12B)
[1107/131336.578:WARNING:pe_image_reader.cc(340)] could not read dos header from C:\WINDOWS\System32\ADVAPI32.dll
[1107/131336.578:ERROR:process_memory_win.cc(73)] ReadMemory at 0x7ffe23170000 of 64 bytes failed: Запрос ReadProcessMemory или WriteProcessMemory был выполнен только частично. (0x12B)
[1107/131336.578:WARNING:pe_image_reader.cc(340)] could not read dos header from C:\WINDOWS\System32\sechost.dll
[1107/131336.578:ERROR:process_memory_win.cc(73)] ReadMemory at 0x7ffe22c10000 of 64 bytes failed: Запрос ReadProcessMemory или WriteProcessMemory был выполнен только частично. (0x12B)
[1107/131336.578:WARNING:pe_image_reader.cc(340)] could not read dos header from C:\WINDOWS\System32\RPCRT4.dll
[1107/131336.578:ERROR:process_memory_win.cc(73)] ReadMemory at 0x7ffdc0460000 of 64 bytes failed: Запрос ReadProcessMemory или WriteProcessMemory был выполнен только частично. (0x12B)
[1107/131336.578:WARNING:pe_image_reader.cc(340)] could not read dos header from C:\Program Files (x86)\Google\Chrome\Application\77.0.3865.120\chrome_child.dll
[1107/131336.578:ERROR:process_memory_win.cc(73)] ReadMemory at 0x7ffe22560000 of 64 bytes failed: Запрос ReadProcessMemory или WriteProcessMemory был выполнен только частично. (0x12B)
[1107/131336.578:WARNING:pe_image_reader.cc(340)] could not read dos header from C:\WINDOWS\System32\OLEAUT32.dll
[1107/131336.578:ERROR:process_memory_win.cc(73)] ReadMemory at 0x7ffe1fc80000 of 64 bytes failed: Запрос ReadProcessMemory или WriteProcessMemory был выполнен только частично. (0x12B)
[1107/131336.578:WARNING:pe_image_reader.cc(340)] could not read dos header from C:\WINDOWS\System32\msvcp_win.dll
[1107/131336.578:ERROR:process_memory_win.cc(73)] ReadMemory at 0x7ffe20280000 of 64 bytes failed: Запрос ReadProcessMemory или WriteProcessMemory был выполнен только частично. (0x12B)
[1107/131336.578:WARNING:pe_image_reader.cc(340)] could not read dos header from C:\WINDOWS\System32\ucrtbase.dll
[1107/131336.578:ERROR:process_memory_win.cc(73)] ReadMemory at 0x7ffe21aa0000 of 64 bytes failed: Запрос ReadProcessMemory или WriteProcessMemory был выполнен только частично. (0x12B)
[1107/131336.578:WARNING:pe_image_reader.cc(340)] could not read dos header from C:\WINDOWS\System32\combase.dll
[1107/131336.578:ERROR:process_memory_win.cc(73)] ReadMemory at 0x7ffe22b20000 of 64 bytes failed: Запрос ReadProcessMemory или WriteProcessMemory был выполнен только частично. (0x12B)
[1107/131336.578:WARNING:pe_image_reader.cc(340)] could not read dos header from C:\WINDOWS\System32\WS2_32.dll
[1107/131336.578:ERROR:process_memory_win.cc(73)] ReadMemory at 0x7ffe23140000 of 64 bytes failed: Запрос ReadProcessMemory или WriteProcessMemory был выполнен только частично. (0x12B)
[1107/131336.578:WARNING:pe_image_reader.cc(340)] could not read dos header from C:\WINDOWS\System32\GDI32.dll
[1107/131336.578:ERROR:process_memory_win.cc(73)] ReadMemory at 0x7ffe1fd20000 of 64 bytes failed: Запрос ReadProcessMemory или WriteProcessMemory был выполнен только частично. (0x12B)
[1107/131336.578:WARNING:pe_image_reader.cc(340)] could not read dos header from C:\WINDOWS\System32\gdi32full.dll
[1107/131336.578:ERROR:process_memory_win.cc(73)] ReadMemory at 0x7ffe222e0000 of 64 bytes failed: Запрос ReadProcessMemory или WriteProcessMemory был выполнен только частично. (0x12B)
[1107/131336.578:WARNING:pe_image_reader.cc(340)] could not read dos header from C:\WINDOWS\System32\USER32.dll
[1107/131336.578:ERROR:process_memory_win.cc(73)] ReadMemory at 0x7ffe1fbe0000 of 64 bytes failed: Запрос ReadProcessMemory или WriteProcessMemory был выполнен только частично. (0x12B)
[1107/131336.578:WARNING:pe_image_reader.cc(340)] could not read dos header from C:\WINDOWS\System32\win32u.dll
[1107/131336.578:ERROR:process_memory_win.cc(73)] ReadMemory at 0x7ffe1f430000 of 64 bytes failed: Запрос ReadProcessMemory или WriteProcessMemory был выполнен только частично. (0x12B)
[1107/131336.578:WARNING:pe_image_reader.cc(340)] could not read dos header from C:\WINDOWS\System32\WINTRUST.dll
[1107/131336.578:ERROR:process_memory_win.cc(73)] ReadMemory at 0x7ffe1f410000 of 64 bytes failed: Запрос ReadProcessMemory или WriteProcessMemory был выполнен только частично. (0x12B)
[1107/131336.579:WARNING:pe_image_reader.cc(340)] could not read dos header from C:\WINDOWS\System32\MSASN1.dll
[1107/131336.579:ERROR:process_memory_win.cc(73)] ReadMemory at 0x7ffe203b0000 of 64 bytes failed: Запрос ReadProcessMemory или WriteProcessMemory был выполнен только частично. (0x12B)
[1107/131336.579:WARNING:pe_image_reader.cc(340)] could not read dos header from C:\WINDOWS\System32\CRYPT32.dll
[1107/131336.579:ERROR:process_memory_win.cc(73)] ReadMemory at 0x7ffe1e890000 of 64 bytes failed: Запрос ReadProcessMemory или WriteProcessMemory был выполнен только частично. (0x12B)
[1107/131336.579:WARNING:pe_image_reader.cc(340)] could not read dos header from C:\WINDOWS\SYSTEM32\IPHLPAPI.DLL
[1107/131336.579:ERROR:process_memory_win.cc(73)] ReadMemory at 0x7ffe1d4f0000 of 64 bytes failed: Запрос ReadProcessMemory или WriteProcessMemory был выполнен только частично. (0x12B)
[1107/131336.579:WARNING:pe_image_reader.cc(340)] could not read dos header from C:\WINDOWS\SYSTEM32\WINMM.dll
[1107/131336.579:ERROR:process_memory_win.cc(73)] ReadMemory at 0x7ffe1f260000 of 64 bytes failed: Запрос ReadProcessMemory или WriteProcessMemory был выполнен только частично. (0x12B)
[1107/131336.579:WARNING:pe_image_reader.cc(340)] could not read dos header from C:\WINDOWS\SYSTEM32\USERENV.dll
[1107/131336.579:ERROR:process_memory_win.cc(73)] ReadMemory at 0x7ffe1f360000 of 64 bytes failed: Запрос ReadProcessMemory или WriteProcessMemory был выполнен только частично. (0x12B)
[1107/131336.579:WARNING:pe_image_reader.cc(340)] could not read dos header from C:\WINDOWS\System32\profapi.dll
[1107/131336.579:ERROR:process_memory_win.cc(73)] ReadMemory at 0x7ffe0ba40000 of 64 bytes failed: Запрос ReadProcessMemory или WriteProcessMemory был выполнен только частично. (0x12B)
[1107/131336.579:WARNING:pe_image_reader.cc(340)] could not read dos header from C:\WINDOWS\SYSTEM32\DWrite.dll
[1107/131336.579:ERROR:process_memory_win.cc(73)] ReadMemory at 0x7ffe16ce0000 of 64 bytes failed: Запрос ReadProcessMemory или WriteProcessMemory был выполнен только частично. (0x12B)
[1107/131336.579:WARNING:pe_image_reader.cc(340)] could not read dos header from C:\WINDOWS\SYSTEM32\WINSPOOL.DRV
[1107/131336.579:ERROR:process_memory_win.cc(73)] ReadMemory at 0x7ffe1f390000 of 64 bytes failed: Запрос ReadProcessMemory или WriteProcessMemory был выполнен только частично. (0x12B)
[1107/131336.579:WARNING:pe_image_reader.cc(340)] could not read dos header from C:\WINDOWS\System32\kernel.appcore.dll
[1107/131336.579:ERROR:process_memory_win.cc(73)] ReadMemory at 0x7ffe20380000 of 64 bytes failed: Запрос ReadProcessMemory или WriteProcessMemory был выполнен только частично. (0x12B)
[1107/131336.579:WARNING:pe_image_reader.cc(340)] could not read dos header from C:\WINDOWS\System32\bcrypt.dll
[1107/131336.579:ERROR:process_memory_win.cc(73)] ReadMemory at 0x7ffe18f40000 of 64 bytes failed: Запрос ReadProcessMemory или WriteProcessMemory был выполнен только частично. (0x12B)
[1107/131336.579:WARNING:pe_image_reader.cc(340)] could not read dos header from C:\WINDOWS\SYSTEM32\dbghelp.dll
[1107/131336.579:ERROR:process_memory_win.cc(73)] ReadMemory at 0x7ffe1b0d0000 of 64 bytes failed: Запрос ReadProcessMemory или WriteProcessMemory был выполнен только частично. (0x12B)
[1107/131336.579:WARNING:pe_image_reader.cc(340)] could not read dos header from C:\WINDOWS\SYSTEM32\WINHTTP.dll
[1107/131336.579:ERROR:process_memory_win.cc(73)] ReadMemory at 0x7ffe111b0000 of 64 bytes failed: Запрос ReadProcessMemory или WriteProcessMemory был выполнен только частично. (0x12B)
[1107/131336.579:WARNING:pe_image_reader.cc(340)] could not read dos header from C:\WINDOWS\SYSTEM32\Secur32.dll
[1107/131336.579:ERROR:process_memory_win.cc(73)] ReadMemory at 0x7ffe185b0000 of 64 bytes failed: Запрос ReadProcessMemory или WriteProcessMemory был выполнен только частично. (0x12B)
[1107/131336.579:WARNING:pe_image_reader.cc(340)] could not read dos header from C:\WINDOWS\SYSTEM32\dhcpcsvc.DLL
[1107/131336.579:ERROR:process_memory_win.cc(73)] ReadMemory at 0x7ffe21f90000 of 64 bytes failed: Запрос ReadProcessMemory или WriteProcessMemory был выполнен только частично. (0x12B)
[1107/131336.579:WARNING:pe_image_reader.cc(340)] could not read dos header from C:\WINDOWS\System32\NSI.dll
[1107/131336.579:ERROR:process_memory_win.cc(73)] ReadMemory at 0x7ffe1d3a0000 of 64 bytes failed: Запрос ReadProcessMemory или WriteProcessMemory был выполнен только частично. (0x12B)
[1107/131336.579:WARNING:pe_image_reader.cc(340)] could not read dos header from C:\WINDOWS\SYSTEM32\WINMMBASE.dll
[1107/131336.579:ERROR:process_memory_win.cc(73)] ReadMemory at 0x7ffe20160000 of 64 bytes failed: Запрос ReadProcessMemory или WriteProcessMemory был выполнен только частично. (0x12B)
[1107/131336.579:WARNING:pe_image_reader.cc(340)] could not read dos header from C:\WINDOWS\System32\cfgmgr32.dll
[1107/131336.579:ERROR:process_memory_win.cc(73)] ReadMemory at 0x7ffe1bb90000 of 64 bytes failed: Запрос ReadProcessMemory или WriteProcessMemory был выполнен только частично. (0x12B)
[1107/131336.579:WARNING:pe_image_reader.cc(340)] could not read dos header from C:\WINDOWS\SYSTEM32\PROPSYS.dll
[1107/131336.579:ERROR:process_memory_win.cc(73)] ReadMemory at 0x2fd03d60000 of 64 bytes failed: Запрос ReadProcessMemory или WriteProcessMemory был выполнен только частично. (0x12B)
[1107/131336.579:WARNING:pe_image_reader.cc(340)] could not read dos header from C:\WINDOWS\System32\shcore.dll
[1107/131336.579:ERROR:process_memory_win.cc(73)] ReadMemory at 0x7ffe1f290000 of 64 bytes failed: Запрос ReadProcessMemory или WriteProcessMemory был выполнен только частично. (0x12B)
[1107/131336.579:WARNING:pe_image_reader.cc(340)] could not read dos header from C:\WINDOWS\SYSTEM32\SSPICLI.DLL
[1107/131336.579:ERROR:process_memory_win.cc(73)] ReadMemory at 0x7ffe22530000 of 64 bytes failed: Запрос ReadProcessMemory или WriteProcessMemory был выполнен только частично. (0x12B)
[1107/131336.579:WARNING:pe_image_reader.cc(340)] could not read dos header from C:\WINDOWS\System32\IMM32.DLL
[1107/131336.579:ERROR:process_memory_win.cc(73)] ReadMemory at 0x7ffe20590000 of 64 bytes failed: Запрос ReadProcessMemory или WriteProcessMemory был выполнен только частично. (0x12B)
[1107/131336.579:WARNING:pe_image_reader.cc(340)] could not read dos header from C:\WINDOWS\System32\SHELL32.dll
[1107/131336.579:ERROR:process_memory_win.cc(73)] ReadMemory at 0x7ffe1f490000 of 64 bytes failed: Запрос ReadProcessMemory или WriteProcessMemory был выполнен только частично. (0x12B)
[1107/131336.580:WARNING:pe_image_reader.cc(340)] could not read dos header from C:\WINDOWS\System32\windows.storage.dll
[1107/131336.580:ERROR:process_memory_win.cc(73)] ReadMemory at 0x7ffe1f3b0000 of 64 bytes failed: Запрос ReadProcessMemory или WriteProcessMemory был выполнен только частично. (0x12B)
[1107/131336.580:WARNING:pe_image_reader.cc(340)] could not read dos header from C:\WINDOWS\System32\powrprof.dll
[1107/131336.580:ERROR:process_memory_win.cc(73)] ReadMemory at 0x7ffe21fa0000 of 64 bytes failed: Запрос ReadProcessMemory или WriteProcessMemory был выполнен только частично. (0x12B)
[1107/131336.580:WARNING:pe_image_reader.cc(340)] could not read dos header from C:\WINDOWS\System32\shlwapi.dll
[1107/131336.580:ERROR:process_memory_win.cc(73)] ReadMemory at 0x7ffe20260000 of 64 bytes failed: Запрос ReadProcessMemory или WriteProcessMemory был выполнен только частично. (0x12B)
[1107/131336.580:WARNING:pe_image_reader.cc(340)] could not read dos header from C:\WINDOWS\System32\cryptsp.dll
[1107/131336.580:ERROR:process_memory_win.cc(73)] ReadMemory at 0x7ffe1ed40000 of 64 bytes failed: Запрос ReadProcessMemory или WriteProcessMemory был выполнен только частично. (0x12B)
[1107/131336.580:WARNING:pe_image_reader.cc(340)] could not read dos header from C:\WINDOWS\SYSTEM32\CRYPTBASE.DLL
[1107/131336.580:ERROR:process_memory_win.cc(73)] ReadMemory at 0x7ff716f10000 of 64 bytes failed: Запрос ReadProcessMemory или WriteProcessMemory был выполнен только частично. (0x12B)
[1107/131336.580:WARNING:pe_image_reader.cc(340)] could not read dos header from C:\Program Files (x86)\Google\Chrome\Application\chrome.exe
[1107/131336.580:ERROR:process_memory_win.cc(73)] ReadMemory at 0x7ffe23370000 of 64 bytes failed: Запрос ReadProcessMemory или WriteProcessMemory был выполнен только частично. (0x12B)
[1107/131336.580:WARNING:pe_image_reader.cc(340)] could not read dos header from C:\WINDOWS\SYSTEM32\ntdll.dll
[1107/131336.580:ERROR:process_memory_win.cc(73)] ReadMemory at 0x7ffe21e70000 of 64 bytes failed: Запрос ReadProcessMemory или WriteProcessMemory был выполнен только частично. (0x12B)
[1107/131336.580:WARNING:pe_image_reader.cc(340)] could not read dos header from C:\WINDOWS\System32\KERNEL32.DLL
[1107/131336.580:ERROR:process_memory_win.cc(73)] ReadMemory at 0x7ffe1fec0000 of 64 bytes failed: Запрос ReadProcessMemory или WriteProcessMemory был выполнен только частично. (0x12B)
[1107/131336.580:WARNING:pe_image_reader.cc(340)] could not read dos header from C:\WINDOWS\System32\KERNELBASE.dll
[1107/131336.580:ERROR:process_memory_win.cc(73)] ReadMemory at 0x7ffdf9010000 of 64 bytes failed: Запрос ReadProcessMemory или WriteProcessMemory был выполнен только частично. (0x12B)
[1107/131336.580:WARNING:pe_image_reader.cc(340)] could not read dos header from C:\Program Files (x86)\Google\Chrome\Application\77.0.3865.120\chrome_elf.dll
[1107/131336.580:ERROR:process_memory_win.cc(73)] ReadMemory at 0x7ffe15510000 of 64 bytes failed: Запрос ReadProcessMemory или WriteProcessMemory был выполнен только частично. (0x12B)
[1107/131336.580:WARNING:pe_image_reader.cc(340)] could not read dos header from C:\WINDOWS\SYSTEM32\VERSION.dll
[1107/131336.580:ERROR:process_memory_win.cc(73)] ReadMemory at 0x7ffe21dd0000 of 64 bytes failed: Запрос ReadProcessMemory или WriteProcessMemory был выполнен только частично. (0x12B)
[1107/131336.580:WARNING:pe_image_reader.cc(340)] could not read dos header from C:\WINDOWS\System32\msvcrt.dll
[1107/131336.580:ERROR:process_memory_win.cc(73)] ReadMemory at 0x7ffe1fc00000 of 64 bytes failed: Запрос ReadProcessMemory или WriteProcessMemory был выполнен только частично. (0x12B)
[1107/131336.580:WARNING:pe_image_reader.cc(340)] could not read dos header from C:\WINDOWS\System32\bcryptPrimitives.dll
[1107/131336.580:ERROR:process_memory_win.cc(73)] ReadMemory at 0x7ffe23210000 of 64 bytes failed: Запрос ReadProcessMemory или WriteProcessMemory был выполнен только частично. (0x12B)
[1107/131336.580:WARNING:pe_image_reader.cc(340)] could not read dos header from C:\WINDOWS\System32\ADVAPI32.dll
[1107/131336.581:ERROR:process_memory_win.cc(73)] ReadMemory at 0x7ffe23170000 of 64 bytes failed: Запрос ReadProcessMemory или WriteProcessMemory был выполнен только частично. (0x12B)
[1107/131336.581:WARNING:pe_image_reader.cc(340)] could not read dos header from C:\WINDOWS\System32\sechost.dll
[1107/131336.581:ERROR:process_memory_win.cc(73)] ReadMemory at 0x7ffe22c10000 of 64 bytes failed: Запрос ReadProcessMemory или WriteProcessMemory был выполнен только частично. (0x12B)
[1107/131336.581:WARNING:pe_image_reader.cc(340)] could not read dos header from C:\WINDOWS\System32\RPCRT4.dll
[1107/131336.581:ERROR:process_memory_win.cc(73)] ReadMemory at 0x7ffdc0460000 of 64 bytes failed: Запрос ReadProcessMemory или WriteProcessMemory был выполнен только частично. (0x12B)
[1107/131336.581:WARNING:pe_image_reader.cc(340)] could not read dos header from C:\Program Files (x86)\Google\Chrome\Application\77.0.3865.120\chrome_child.dll
[1107/131336.581:ERROR:process_memory_win.cc(73)] ReadMemory at 0x7ffe22560000 of 64 bytes failed: Запрос ReadProcessMemory или WriteProcessMemory был выполнен только частично. (0x12B)
[1107/131336.581:WARNING:pe_image_reader.cc(340)] could not read dos header from C:\WINDOWS\System32\OLEAUT32.dll
[1107/131336.581:ERROR:process_memory_win.cc(73)] ReadMemory at 0x7ffe1fc80000 of 64 bytes failed: Запрос ReadProcessMemory или WriteProcessMemory был выполнен только частично. (0x12B)
[1107/131336.581:WARNING:pe_image_reader.cc(340)] could not read dos header from C:\WINDOWS\System32\msvcp_win.dll
[1107/131336.581:ERROR:process_memory_win.cc(73)] ReadMemory at 0x7ffe20280000 of 64 bytes failed: Запрос ReadProcessMemory или WriteProcessMemory был выполнен только частично. (0x12B)
[1107/131336.581:WARNING:pe_image_reader.cc(340)] could not read dos header from C:\WINDOWS\System32\ucrtbase.dll
[1107/131336.581:ERROR:process_memory_win.cc(73)] ReadMemory at 0x7ffe21aa0000 of 64 bytes failed: Запрос ReadProcessMemory или WriteProcessMemory был выполнен только частично. (0x12B)
[1107/131336.581:WARNING:pe_image_reader.cc(340)] could not read dos header from C:\WINDOWS\System32\combase.dll
[1107/131336.581:ERROR:process_memory_win.cc(73)] ReadMemory at 0x7ffe22b20000 of 64 bytes failed: Запрос ReadProcessMemory или WriteProcessMemory был выполнен только частично. (0x12B)
[1107/131336.581:WARNING:pe_image_reader.cc(340)] could not read dos header from C:\WINDOWS\System32\WS2_32.dll
[1107/131336.581:ERROR:process_memory_win.cc(73)] ReadMemory at 0x7ffe23140000 of 64 bytes failed: Запрос ReadProcessMemory или WriteProcessMemory был выполнен только частично. (0x12B)
[1107/131336.581:WARNING:pe_image_reader.cc(340)] could not read dos header from C:\WINDOWS\System32\GDI32.dll
[1107/131336.581:ERROR:process_memory_win.cc(73)] ReadMemory at 0x7ffe1fd20000 of 64 bytes failed: Запрос ReadProcessMemory или WriteProcessMemory был выполнен только частично. (0x12B)
[1107/131336.581:WARNING:pe_image_reader.cc(340)] could not read dos header from C:\WINDOWS\System32\gdi32full.dll
[1107/131336.581:ERROR:process_memory_win.cc(73)] ReadMemory at 0x7ffe222e0000 of 64 bytes failed: Запрос ReadProcessMemory или WriteProcessMemory был выполнен только частично. (0x12B)
[1107/131336.581:WARNING:pe_image_reader.cc(340)] could not read dos header from C:\WINDOWS\System32\USER32.dll
[1107/131336.581:ERROR:process_memory_win.cc(73)] ReadMemory at 0x7ffe1fbe0000 of 64 bytes failed: Запрос ReadProcessMemory или WriteProcessMemory был выполнен только частично. (0x12B)
[1107/131336.581:WARNING:pe_image_reader.cc(340)] could not read dos header from C:\WINDOWS\System32\win32u.dll
[1107/131336.581:ERROR:process_memory_win.cc(73)] ReadMemory at 0x7ffe1f430000 of 64 bytes failed: Запрос ReadProcessMemory или WriteProcessMemory был выполнен только частично. (0x12B)
[1107/131336.582:WARNING:pe_image_reader.cc(340)] could not read dos header from C:\WINDOWS\System32\WINTRUST.dll
[1107/131336.582:ERROR:process_memory_win.cc(73)] ReadMemory at 0x7ffe1f410000 of 64 bytes failed: Запрос ReadProcessMemory или WriteProcessMemory был выполнен только частично. (0x12B)
[1107/131336.582:WARNING:pe_image_reader.cc(340)] could not read dos header from C:\WINDOWS\System32\MSASN1.dll
[1107/131336.582:ERROR:process_memory_win.cc(73)] ReadMemory at 0x7ffe203b0000 of 64 bytes failed: Запрос ReadProcessMemory или WriteProcessMemory был выполнен только частично. (0x12B)
[1107/131336.582:WARNING:pe_image_reader.cc(340)] could not read dos header from C:\WINDOWS\System32\CRYPT32.dll
[1107/131336.582:ERROR:process_memory_win.cc(73)] ReadMemory at 0x7ffe1e890000 of 64 bytes failed: Запрос ReadProcessMemory или WriteProcessMemory был выполнен только частично. (0x12B)
[1107/131336.582:WARNING:pe_image_reader.cc(340)] could not read dos header from C:\WINDOWS\SYSTEM32\IPHLPAPI.DLL
[1107/131336.582:ERROR:process_memory_win.cc(73)] ReadMemory at 0x7ffe1d4f0000 of 64 bytes failed: Запрос ReadProcessMemory или WriteProcessMemory был выполнен только частично. (0x12B)
[1107/131336.582:WARNING:pe_image_reader.cc(340)] could not read dos header from C:\WINDOWS\SYSTEM32\WINMM.dll
[1107/131336.582:ERROR:process_memory_win.cc(73)] ReadMemory at 0x7ffe1f260000 of 64 bytes failed: Запрос ReadProcessMemory или WriteProcessMemory был выполнен только частично. (0x12B)
[1107/131336.582:WARNING:pe_image_reader.cc(340)] could not read dos header from C:\WINDOWS\SYSTEM32\USERENV.dll
[1107/131336.582:ERROR:process_memory_win.cc(73)] ReadMemory at 0x7ffe1f360000 of 64 bytes failed: Запрос ReadProcessMemory или WriteProcessMemory был выполнен только частично. (0x12B)
[1107/131336.582:WARNING:pe_image_reader.cc(340)] could not read dos header from C:\WINDOWS\System32\profapi.dll
[1107/131336.582:ERROR:process_memory_win.cc(73)] ReadMemory at 0x7ffe0ba40000 of 64 bytes failed: Запрос ReadProcessMemory или WriteProcessMemory был выполнен только частично. (0x12B)
[1107/131336.582:WARNING:pe_image_reader.cc(340)] could not read dos header from C:\WINDOWS\SYSTEM32\DWrite.dll
[1107/131336.582:ERROR:process_memory_win.cc(73)] ReadMemory at 0x7ffe16ce0000 of 64 bytes failed: Запрос ReadProcessMemory или WriteProcessMemory был выполнен только частично. (0x12B)
[1107/131336.582:WARNING:pe_image_reader.cc(340)] could not read dos header from C:\WINDOWS\SYSTEM32\WINSPOOL.DRV
[1107/131336.582:ERROR:process_memory_win.cc(73)] ReadMemory at 0x7ffe1f390000 of 64 bytes failed: Запрос ReadProcessMemory или WriteProcessMemory был выполнен только частично. (0x12B)
[1107/131336.582:WARNING:pe_image_reader.cc(340)] could not read dos header from C:\WINDOWS\System32\kernel.appcore.dll
[1107/131336.582:ERROR:process_memory_win.cc(73)] ReadMemory at 0x7ffe20380000 of 64 bytes failed: Запрос ReadProcessMemory или WriteProcessMemory был выполнен только частично. (0x12B)
[1107/131336.582:WARNING:pe_image_reader.cc(340)] could not read dos header from C:\WINDOWS\System32\bcrypt.dll
[1107/131336.582:ERROR:process_memory_win.cc(73)] ReadMemory at 0x7ffe18f40000 of 64 bytes failed: Запрос ReadProcessMemory или WriteProcessMemory был выполнен только частично. (0x12B)
[1107/131336.582:WARNING:pe_image_reader.cc(340)] could not read dos header from C:\WINDOWS\SYSTEM32\dbghelp.dll
[1107/131336.582:ERROR:process_memory_win.cc(73)] ReadMemory at 0x7ffe1b0d0000 of 64 bytes failed: Запрос ReadProcessMemory или WriteProcessMemory был выполнен только частично. (0x12B)
[1107/131336.582:WARNING:pe_image_reader.cc(340)] could not read dos header from C:\WINDOWS\SYSTEM32\WINHTTP.dll
[1107/131336.582:ERROR:process_memory_win.cc(73)] ReadMemory at 0x7ffe111b0000 of 64 bytes failed: Запрос ReadProcessMemory или WriteProcessMemory был выполнен только частично. (0x12B)
[1107/131336.582:WARNING:pe_image_reader.cc(340)] could not read dos header from C:\WINDOWS\SYSTEM32\Secur32.dll
[1107/131336.582:ERROR:process_memory_win.cc(73)] ReadMemory at 0x7ffe185b0000 of 64 bytes failed: Запрос ReadProcessMemory или WriteProcessMemory был выполнен только частично. (0x12B)
[1107/131336.582:WARNING:pe_image_reader.cc(340)] could not read dos header from C:\WINDOWS\SYSTEM32\dhcpcsvc.DLL
[1107/131336.583:ERROR:process_memory_win.cc(73)] ReadMemory at 0x7ffe21f90000 of 64 bytes failed: Запрос ReadProcessMemory или WriteProcessMemory был выполнен только частично. (0x12B)
[1107/131336.583:WARNING:pe_image_reader.cc(340)] could not read dos header from C:\WINDOWS\System32\NSI.dll
[1107/131336.583:ERROR:process_memory_win.cc(73)] ReadMemory at 0x7ffe1d3a0000 of 64 bytes failed: Запрос ReadProcessMemory или WriteProcessMemory был выполнен только частично. (0x12B)
[1107/131336.583:WARNING:pe_image_reader.cc(340)] could not read dos header from C:\WINDOWS\SYSTEM32\WINMMBASE.dll
[1107/131336.584:ERROR:process_memory_win.cc(73)] ReadMemory at 0x7ffe20160000 of 64 bytes failed: Запрос ReadProcessMemory или WriteProcessMemory был выполнен только частично. (0x12B)
[1107/131336.584:WARNING:pe_image_reader.cc(340)] could not read dos header from C:\WINDOWS\System32\cfgmgr32.dll
[1107/131336.584:ERROR:process_memory_win.cc(73)] ReadMemory at 0x7ffe1bb90000 of 64 bytes failed: Запрос ReadProcessMemory или WriteProcessMemory был выполнен только частично. (0x12B)
[1107/131336.584:WARNING:pe_image_reader.cc(340)] could not read dos header from C:\WINDOWS\SYSTEM32\PROPSYS.dll
[1107/131336.584:ERROR:process_memory_win.cc(73)] ReadMemory at 0x2fd03d60000 of 64 bytes failed: Запрос ReadProcessMemory или WriteProcessMemory был выполнен только частично. (0x12B)
[1107/131336.584:WARNING:pe_image_reader.cc(340)] could not read dos header from C:\WINDOWS\System32\shcore.dll
[1107/131336.584:ERROR:process_memory_win.cc(73)] ReadMemory at 0x7ffe1f290000 of 64 bytes failed: Запрос ReadProcessMemory или WriteProcessMemory был выполнен только частично. (0x12B)
[1107/131336.584:WARNING:pe_image_reader.cc(340)] could not read dos header from C:\WINDOWS\SYSTEM32\SSPICLI.DLL
[1107/131336.584:ERROR:process_memory_win.cc(73)] ReadMemory at 0x7ffe22530000 of 64 bytes failed: Запрос ReadProcessMemory или WriteProcessMemory был выполнен только частично. (0x12B)
[1107/131336.584:WARNING:pe_image_reader.cc(340)] could not read dos header from C:\WINDOWS\System32\IMM32.DLL
[1107/131336.584:ERROR:process_memory_win.cc(73)] ReadMemory at 0x7ffe20590000 of 64 bytes failed: Запрос ReadProcessMemory или WriteProcessMemory был выполнен только частично. (0x12B)
[1107/131336.584:WARNING:pe_image_reader.cc(340)] could not read dos header from C:\WINDOWS\System32\SHELL32.dll
[1107/131336.584:ERROR:process_memory_win.cc(73)] ReadMemory at 0x7ffe1f490000 of 64 bytes failed: Запрос ReadProcessMemory или WriteProcessMemory был выполнен только частично. (0x12B)
[1107/131336.584:WARNING:pe_image_reader.cc(340)] could not read dos header from C:\WINDOWS\System32\windows.storage.dll
[1107/131336.584:ERROR:process_memory_win.cc(73)] ReadMemory at 0x7ffe1f3b0000 of 64 bytes failed: Запрос ReadProcessMemory или WriteProcessMemory был выполнен только частично. (0x12B)
[1107/131336.584:WARNING:pe_image_reader.cc(340)] could not read dos header from C:\WINDOWS\System32\powrprof.dll
[1107/131336.584:ERROR:process_memory_win.cc(73)] ReadMemory at 0x7ffe21fa0000 of 64 bytes failed: Запрос ReadProcessMemory или WriteProcessMemory был выполнен только частично. (0x12B)
[1107/131336.584:WARNING:pe_image_reader.cc(340)] could not read dos header from C:\WINDOWS\System32\shlwapi.dll
[1107/131336.584:ERROR:process_memory_win.cc(73)] ReadMemory at 0x7ffe20260000 of 64 bytes failed: Запрос ReadProcessMemory или WriteProcessMemory был выполнен только частично. (0x12B)
[1107/131336.584:WARNING:pe_image_reader.cc(340)] could not read dos header from C:\WINDOWS\System32\cryptsp.dll
[1107/131336.584:ERROR:process_memory_win.cc(73)] ReadMemory at 0x7ffe1ed40000 of 64 bytes failed: Запрос ReadProcessMemory или WriteProcessMemory был выполнен только частично. (0x12B)
[1107/131336.584:WARNING:pe_image_reader.cc(340)] could not read dos header from C:\WINDOWS\SYSTEM32\CRYPTBASE.DLL
[1107/131336.588:ERROR:process_memory_win.cc(73)] ReadMemory at 0xfd251fb000 of 20480 bytes failed: Запрос ReadProcessMemory или WriteProcessMemory был выполнен только частично. (0x12B)
[1107/131336.589:ERROR:process_memory_win.cc(73)] ReadMemory at 0xfd259fd000 of 12288 bytes failed: Запрос ReadProcessMemory или WriteProcessMemory был выполнен только частично. (0x12B)
[1107/131336.589:ERROR:process_memory_win.cc(73)] ReadMemory at 0xfd261fd000 of 12288 bytes failed: Запрос ReadProcessMemory или WriteProcessMemory был выполнен только частично. (0x12B)
[1107/131336.589:ERROR:process_memory_win.cc(73)] ReadMemory at 0xfd269fd000 of 12288 bytes failed: Запрос ReadProcessMemory или WriteProcessMemory был выполнен только частично. (0x12B)
[1107/131336.589:ERROR:process_memory_win.cc(73)] ReadMemory at 0xfd271fd000 of 12288 bytes failed: Запрос ReadProcessMemory или WriteProcessMemory был выполнен только частично. (0x12B)
[1107/131336.589:ERROR:process_memory_win.cc(73)] ReadMemory at 0xfd279fe000 of 8192 bytes failed: Запрос ReadProcessMemory или WriteProcessMemory был выполнен только частично. (0x12B)
[1107/131336.589:ERROR:process_memory_win.cc(73)] ReadMemory at 0xfd2483a000 of 852 bytes failed: Запрос ReadProcessMemory или WriteProcessMemory был выполнен только частично. (0x12B)
[1107/131336.589:ERROR:process_memory_win.cc(73)] ReadMemory at 0xfd2483b000 of 6024 bytes failed: Запрос ReadProcessMemory или WriteProcessMemory был выполнен только частично. (0x12B)
[1107/131336.589:ERROR:process_memory_win.cc(73)] ReadMemory at 0xfd2483d000 of 6024 bytes failed: Запрос ReadProcessMemory или WriteProcessMemory был выполнен только частично. (0x12B)
[1107/131336.589:ERROR:process_memory_win.cc(73)] ReadMemory at 0xfd2483f000 of 6024 bytes failed: Запрос ReadProcessMemory или WriteProcessMemory был выполнен только частично. (0x12B)
[1107/131336.590:ERROR:process_memory_win.cc(73)] ReadMemory at 0xfd24841000 of 6024 bytes failed: Запрос ReadProcessMemory или WriteProcessMemory был выполнен только частично. (0x12B)
[1107/131336.590:ERROR:process_memory_win.cc(73)] ReadMemory at 0xfd24843000 of 6024 bytes failed: Запрос ReadProcessMemory или WriteProcessMemory был выполнен только частично. (0x12B)
[1107/131336.590:ERROR:process_memory_win.cc(73)] ReadMemory at 0xfd24845000 of 6024 bytes failed: Запрос ReadProcessMemory или WriteProcessMemory был выполнен только частично. (0x12B)
[1107/131336.590:ERROR:process_memory_win.cc(73)] ReadMemory at 0x2fd03a30750 of 158 bytes failed: Запрос ReadProcessMemory или WriteProcessMemory был выполнен только частично. (0x12B)
[1107/131336.590:ERROR:process_memory_win.cc(73)] ReadMemory at 0x2fd03a30fe0 of 5146 bytes failed: Запрос ReadProcessMemory или WriteProcessMemory был выполнен только частично. (0x12B)
[1107/131336.590:ERROR:process_memory_win.cc(73)] ReadMemory at 0x2fd03a32410 of 1012 bytes failed: Запрос ReadProcessMemory или WriteProcessMemory был выполнен только частично. (0x12B)
[1107/131336.590:ERROR:process_memory_win.cc(73)] ReadMemory at 0x2fd03a32a38 of 118 bytes failed: Запрос ReadProcessMemory или WriteProcessMemory был выполнен только частично. (0x12B)
[1107/131336.590:ERROR:process_memory_win.cc(73)] ReadMemory at 0x2fd03a32ab0 of 1318 bytes failed: Запрос ReadProcessMemory или WriteProcessMemory был выполнен только частично. (0x12B)
[1107/131336.590:ERROR:process_memory_win.cc(73)] ReadMemory at 0x2fd03a32fd8 of 118 bytes failed: Запрос ReadProcessMemory или WriteProcessMemory был выполнен только частично. (0x12B)
[1107/131336.590:ERROR:process_memory_win.cc(73)] ReadMemory at 0x2fd03a33050 of 100 bytes failed: Запрос ReadProcessMemory или WriteProcessMemory был выполнен только частично. (0x12B)
[1107/131336.590:ERROR:process_memory_win.cc(73)] ReadMemory at 0x2fd03a330c0 of 58 bytes failed: Запрос ReadProcessMemory или WriteProcessMemory был выполнен только частично. (0x12B)
[1107/131336.590:ERROR:process_memory_win.cc(73)] ReadMemory at 0x2fd03a331c0 of 132 bytes failed: Запрос ReadProcessMemory или WriteProcessMemory был выполнен только частично. (0x12B)
[1107/131336.590:ERROR:process_memory_win.cc(73)] ReadMemory at 0x2fd03a33350 of 132 bytes failed: Запрос ReadProcessMemory или WriteProcessMemory был выполнен только частично. (0x12B)
[1107/131336.590:ERROR:process_memory_win.cc(73)] ReadMemory at 0x2fd03a33510 of 126 bytes failed: Запрос ReadProcessMemory или WriteProcessMemory был выполнен только частично. (0x12B)
[1107/131336.590:ERROR:process_memory_win.cc(73)] ReadMemory at 0x2fd03a338f0 of 132 bytes failed: Запрос ReadProcessMemory или WriteProcessMemory был выполнен только частично. (0x12B)
[1107/131336.590:ERROR:process_memory_win.cc(73)] ReadMemory at 0x2fd03a33a80 of 64 bytes failed: Запрос ReadProcessMemory или WriteProcessMemory был выполнен только частично. (0x12B)
[1107/131336.590:ERROR:process_memory_win.cc(73)] ReadMemory at 0x2fd03a33ad0 of 132 bytes failed: Запрос ReadProcessMemory или WriteProcessMemory был выполнен только частично. (0x12B)
[1107/131336.590:ERROR:process_memory_win.cc(73)] ReadMemory at 0x2fd03a33c40 of 132 bytes failed: Запрос ReadProcessMemory или WriteProcessMemory был выполнен только частично. (0x12B)
[1107/131336.591:ERROR:process_memory_win.cc(73)] ReadMemory at 0x2fd03a33ee0 of 132 bytes failed: Запрос ReadProcessMemory или WriteProcessMemory был выполнен только частично. (0x12B)
[1107/131336.591:ERROR:process_memory_win.cc(73)] ReadMemory at 0x2fd03a34070 of 68 bytes failed: Запрос ReadProcessMemory или WriteProcessMemory был выполнен только частично. (0x12B)
[1107/131336.591:ERROR:process_memory_win.cc(73)] ReadMemory at 0x2fd03a35140 of 132 bytes failed: Запрос ReadProcessMemory или WriteProcessMemory был выполнен только частично. (0x12B)
[1107/131336.591:ERROR:process_memory_win.cc(73)] ReadMemory at 0x2fd03a352d0 of 154 bytes failed: Запрос ReadProcessMemory или WriteProcessMemory был выполнен только частично. (0x12B)
[1107/131336.591:ERROR:process_memory_win.cc(73)] ReadMemory at 0x2fd03a36c10 of 62 bytes failed: Запрос ReadProcessMemory или WriteProcessMemory был выполнен только частично. (0x12B)
[1107/131336.591:ERROR:process_memory_win.cc(73)] ReadMemory at 0x2fd03a36c60 of 132 bytes failed: Запрос ReadProcessMemory или WriteProcessMemory был выполнен только частично. (0x12B)
[1107/131336.591:ERROR:process_memory_win.cc(73)] ReadMemory at 0x2fd03a36e00 of 132 bytes failed: Запрос ReadProcessMemory или WriteProcessMemory был выполнен только частично. (0x12B)
[1107/131336.591:ERROR:process_memory_win.cc(73)] ReadMemory at 0x2fd03a36f30 of 60 bytes failed: Запрос ReadProcessMemory или WriteProcessMemory был выполнен только частично. (0x12B)
[1107/131336.591:ERROR:process_memory_win.cc(73)] ReadMemory at 0x2fd03a3784c of 512 bytes failed: Запрос ReadProcessMemory или WriteProcessMemory был выполнен только частично. (0x12B)
[1107/131336.591:ERROR:process_memory_win.cc(73)] ReadMemory at 0x2fd03a37f70 of 132 bytes failed: Запрос ReadProcessMemory или WriteProcessMemory был выполнен только частично. (0x12B)
[1107/131336.591:ERROR:process_memory_win.cc(73)] ReadMemory at 0x2fd03a3a820 of 132 bytes failed: Запрос ReadProcessMemory или WriteProcessMemory был выполнен только частично. (0x12B)
[1107/131336.591:ERROR:process_memory_win.cc(73)] ReadMemory at 0x2fd03a3aa30 of 132 bytes failed: Запрос ReadProcessMemory или WriteProcessMemory был выполнен только частично. (0x12B)
[1107/131336.591:ERROR:process_memory_win.cc(73)] ReadMemory at 0x2fd03a3abd0 of 132 bytes failed: Запрос ReadProcessMemory или WriteProcessMemory был выполнен только частично. (0x12B)
[1107/131336.591:ERROR:process_memory_win.cc(73)] ReadMemory at 0x2fd03a3ad60 of 80 bytes failed: Запрос ReadProcessMemory или WriteProcessMemory был выполнен только частично. (0x12B)
[1107/131336.591:ERROR:process_memory_win.cc(73)] ReadMemory at 0x2fd03a3ae80 of 64 bytes failed: Запрос ReadProcessMemory или WriteProcessMemory был выполнен только частично. (0x12B)
[1107/131336.591:ERROR:process_memory_win.cc(73)] ReadMemory at 0x2fd03a3aed0 of 62 bytes failed: Запрос ReadProcessMemory или WriteProcessMemory был выполнен только частично. (0x12B)
[1107/131336.591:ERROR:process_memory_win.cc(73)] ReadMemory at 0x2fd03a3af20 of 58 bytes failed: Запрос ReadProcessMemory или WriteProcessMemory был выполнен только частично. (0x12B)
[1107/131336.591:ERROR:process_memory_win.cc(73)] ReadMemory at 0x2fd03a3af70 of 62 bytes failed: Запрос ReadProcessMemory или WriteProcessMemory был выполнен только частично. (0x12B)
[1107/131336.591:ERROR:process_memory_win.cc(73)] ReadMemory at 0x2fd03a3b010 of 64 bytes failed: Запрос ReadProcessMemory или WriteProcessMemory был выполнен только частично. (0x12B)
[1107/131336.591:ERROR:process_memory_win.cc(73)] ReadMemory at 0x2fd03a3b3d0 of 66 bytes failed: Запрос ReadProcessMemory или WriteProcessMemory был выполнен только частично. (0x12B)
[1107/131336.591:ERROR:process_memory_win.cc(73)] ReadMemory at 0x2fd03a3b4c0 of 64 bytes failed: Запрос ReadProcessMemory или WriteProcessMemory был выполнен только частично. (0x12B)
[1107/131336.591:ERROR:process_memory_win.cc(73)] ReadMemory at 0x2fd03a3b510 of 60 bytes failed: Запрос ReadProcessMemory или WriteProcessMemory был выполнен только частично. (0x12B)
[1107/131336.592:ERROR:process_memory_win.cc(73)] ReadMemory at 0x2fd03a3b560 of 60 bytes failed: Запрос ReadProcessMemory или WriteProcessMemory был выполнен только частично. (0x12B)
[1107/131336.592:ERROR:process_memory_win.cc(73)] ReadMemory at 0x2fd03a3bac0 of 132 bytes failed: Запрос ReadProcessMemory или WriteProcessMemory был выполнен только частично. (0x12B)
[1107/131336.592:ERROR:process_memory_win.cc(73)] ReadMemory at 0x2fd03a3bbf0 of 132 bytes failed: Запрос ReadProcessMemory или WriteProcessMemory был выполнен только частично. (0x12B)
[1107/131336.592:ERROR:process_memory_win.cc(73)] ReadMemory at 0x2fd03a3bd20 of 132 bytes failed: Запрос ReadProcessMemory или WriteProcessMemory был выполнен только частично. (0x12B)
[1107/131336.592:ERROR:process_memory_win.cc(73)] ReadMemory at 0x2fd03a3be50 of 132 bytes failed: Запрос ReadProcessMemory или WriteProcessMemory был выполнен только частично. (0x12B)
[1107/131336.592:ERROR:process_memory_win.cc(73)] ReadMemory at 0x2fd03a3bf80 of 132 bytes failed: Запрос ReadProcessMemory или WriteProcessMemory был выполнен только частично. (0x12B)
[1107/131336.592:ERROR:process_memory_win.cc(73)] ReadMemory at 0x2fd03a3c0b0 of 132 bytes failed: Запрос ReadProcessMemory или WriteProcessMemory был выполнен только частично. (0x12B)
[1107/131336.592:ERROR:process_memory_win.cc(73)] ReadMemory at 0x2fd03a3c1e0 of 132 bytes failed: Запрос ReadProcessMemory или WriteProcessMemory был выполнен только частично. (0x12B)
[1107/131336.592:ERROR:process_memory_win.cc(73)] ReadMemory at 0x2fd03a3c310 of 132 bytes failed: Запрос ReadProcessMemory или WriteProcessMemory был выполнен только частично. (0x12B)
[1107/131336.592:ERROR:process_memory_win.cc(73)] ReadMemory at 0x2fd03a3c440 of 132 bytes failed: Запрос ReadProcessMemory или WriteProcessMemory был выполнен только частично. (0x12B)
[1107/131336.592:ERROR:process_memory_win.cc(73)] ReadMemory at 0x2fd03a3c570 of 132 bytes failed: Запрос ReadProcessMemory или WriteProcessMemory был выполнен только частично. (0x12B)
[1107/131336.592:ERROR:process_memory_win.cc(73)] ReadMemory at 0x2fd03a3c6a0 of 132 bytes failed: Запрос ReadProcessMemory или WriteProcessMemory был выполнен только частично. (0x12B)
[1107/131336.592:ERROR:process_memory_win.cc(73)] ReadMemory at 0x2fd03a3c900 of 132 bytes failed: Запрос ReadProcessMemory или WriteProcessMemory был выполнен только частично. (0x12B)
[1107/131336.592:ERROR:process_memory_win.cc(73)] ReadMemory at 0x2fd03a3f2b0 of 132 bytes failed: Запрос ReadProcessMemory или WriteProcessMemory был выполнен только частично. (0x12B)
[1107/131336.592:ERROR:process_memory_win.cc(73)] ReadMemory at 0x2fd03a3f460 of 132 bytes failed: Запрос ReadProcessMemory или WriteProcessMemory был выполнен только частично. (0x12B)
[1107/131336.592:ERROR:process_memory_win.cc(73)] ReadMemory at 0x2fd03a3fd70 of 54 bytes failed: Запрос ReadProcessMemory или WriteProcessMemory был выполнен только частично. (0x12B)
[1107/131336.592:ERROR:process_memory_win.cc(73)] ReadMemory at 0x2fd03a40790 of 132 bytes failed: Запрос ReadProcessMemory или WriteProcessMemory был выполнен только частично. (0x12B)
[1107/131336.593:ERROR:process_memory_win.cc(73)] ReadMemory at 0x2fd03a40a60 of 132 bytes failed: Запрос ReadProcessMemory или WriteProcessMemory был выполнен только частично. (0x12B)
[1107/131336.593:ERROR:process_memory_win.cc(73)] ReadMemory at 0x2fd03a453d0 of 76 bytes failed: Запрос ReadProcessMemory или WriteProcessMemory был выполнен только частично. (0x12B)
[1107/131336.593:ERROR:process_memory_win.cc(73)] ReadMemory at 0x2fd03a460f0 of 78 bytes failed: Запрос ReadProcessMemory или WriteProcessMemory был выполнен только частично. (0x12B)
[1107/131336.593:ERROR:process_memory_win.cc(73)] ReadMemory at 0x2fd03a46200 of 60 bytes failed: Запрос ReadProcessMemory или WriteProcessMemory был выполнен только частично. (0x12B)
[1107/131336.593:ERROR:process_memory_win.cc(73)] ReadMemory at 0x2fd03a46390 of 62 bytes failed: Запрос ReadProcessMemory или WriteProcessMemory был выполнен только частично. (0x12B)
[1107/131336.593:ERROR:process_memory_win.cc(73)] ReadMemory at 0x2fd03a46430 of 60 bytes failed: Запрос ReadProcessMemory или WriteProcessMemory был выполнен только частично. (0x12B)
[1107/131336.593:ERROR:process_memory_win.cc(73)] ReadMemory at 0x2fd03a46480 of 64 bytes failed: Запрос ReadProcessMemory или WriteProcessMemory был выполнен только частично. (0x12B)
[1107/131336.593:ERROR:process_memory_win.cc(73)] ReadMemory at 0x2fd03a464d0 of 60 bytes failed: Запрос ReadProcessMemory или WriteProcessMemory был выполнен только частично. (0x12B)
[1107/131336.593:ERROR:process_memory_win.cc(73)] ReadMemory at 0x2fd03a46520 of 62 bytes failed: Запрос ReadProcessMemory или WriteProcessMemory был выполнен только частично. (0x12B)
[1107/131336.593:ERROR:process_memory_win.cc(73)] ReadMemory at 0x2fd03a46610 of 62 bytes failed: Запрос ReadProcessMemory или WriteProcessMemory был выполнен только частично. (0x12B)
[1107/131336.593:ERROR:process_memory_win.cc(73)] ReadMemory at 0x2fd03a46660 of 64 bytes failed: Запрос ReadProcessMemory или WriteProcessMemory был выполнен только частично. (0x12B)
[1107/131336.593:ERROR:process_memory_win.cc(73)] ReadMemory at 0x2fd03a466b0 of 64 bytes failed: Запрос ReadProcessMemory или WriteProcessMemory был выполнен только частично. (0x12B)
[1107/131336.593:ERROR:process_memory_win.cc(73)] ReadMemory at 0x2fd03a46700 of 60 bytes failed: Запрос ReadProcessMemory или WriteProcessMemory был выполнен только частично. (0x12B)
[1107/131336.593:ERROR:process_memory_win.cc(73)] ReadMemory at 0x2fd03a46750 of 60 bytes failed: Запрос ReadProcessMemory или WriteProcessMemory был выполнен только частично. (0x12B)
[1107/131336.593:ERROR:process_memory_win.cc(73)] ReadMemory at 0x2fd03a467a0 of 62 bytes failed: Запрос ReadProcessMemory или WriteProcessMemory был выполнен только частично. (0x12B)
[1107/131336.593:ERROR:process_memory_win.cc(73)] ReadMemory at 0x2fd03a46840 of 62 bytes failed: Запрос ReadProcessMemory или WriteProcessMemory был выполнен только частично. (0x12B)
[1107/131336.593:ERROR:process_memory_win.cc(73)] ReadMemory at 0x2fd03a469d0 of 66 bytes failed: Запрос ReadProcessMemory или WriteProcessMemory был выполнен только частично. (0x12B)
[1107/131336.593:ERROR:process_memory_win.cc(73)] ReadMemory at 0x2fd03a46bb0 of 62 bytes failed: Запрос ReadProcessMemory или WriteProcessMemory был выполнен только частично. (0x12B)
[1107/131336.593:ERROR:process_memory_win.cc(73)] ReadMemory at 0x2fd03a46c50 of 60 bytes failed: Запрос ReadProcessMemory или WriteProcessMemory был выполнен только частично. (0x12B)
[1107/131336.593:ERROR:process_memory_win.cc(73)] ReadMemory at 0x2fd03a46ca0 of 64 bytes failed: Запрос ReadProcessMemory или WriteProcessMemory был выполнен только частично. (0x12B)
[1107/131336.593:ERROR:process_memory_win.cc(73)] ReadMemory at 0x2fd03a46cf0 of 62 bytes failed: Запрос ReadProcessMemory или WriteProcessMemory был выполнен только частично. (0x12B)
[1107/131336.593:ERROR:process_memory_win.cc(73)] ReadMemory at 0x2fd03a46de0 of 58 bytes failed: Запрос ReadProcessMemory или WriteProcessMemory был выполнен только частично. (0x12B)
[1107/131336.593:ERROR:process_memory_win.cc(73)] ReadMemory at 0x2fd03a46e30 of 62 bytes failed: Запрос ReadProcessMemory или WriteProcessMemory был выполнен только частично. (0x12B)
[1107/131336.593:ERROR:process_memory_win.cc(73)] ReadMemory at 0x2fd03a46e80 of 66 bytes failed: Запрос ReadProcessMemory или WriteProcessMemory был выполнен только частично. (0x12B)
[1107/131336.594:ERROR:process_memory_win.cc(73)] ReadMemory at 0x2fd03a46ed0 of 58 bytes failed: Запрос ReadProcessMemory или WriteProcessMemory был выполнен только частично. (0x12B)
[1107/131336.594:ERROR:process_memory_win.cc(73)] ReadMemory at 0x2fd03a47060 of 64 bytes failed: Запрос ReadProcessMemory или WriteProcessMemory был выполнен только частично. (0x12B)
[1107/131336.594:ERROR:process_memory_win.cc(73)] ReadMemory at 0x2fd03a47340 of 132 bytes failed: Запрос ReadProcessMemory или WriteProcessMemory был выполнен только частично. (0x12B)
[1107/131336.594:ERROR:process_memory_win.cc(73)] ReadMemory at 0x2fd03a47470 of 132 bytes failed: Запрос ReadProcessMemory или WriteProcessMemory был выполнен только частично. (0x12B)
[1107/131336.594:ERROR:process_memory_win.cc(73)] ReadMemory at 0x2fd03a47800 of 132 bytes failed: Запрос ReadProcessMemory или WriteProcessMemory был выполнен только частично. (0x12B)
[1107/131336.594:ERROR:process_memory_win.cc(73)] ReadMemory at 0x2fd03a47930 of 132 bytes failed: Запрос ReadProcessMemory или WriteProcessMemory был выполнен только частично. (0x12B)
[1107/131336.594:ERROR:process_memory_win.cc(73)] ReadMemory at 0x2fd03a47a60 of 132 bytes failed: Запрос ReadProcessMemory или WriteProcessMemory был выполнен только частично. (0x12B)
[1107/131336.594:ERROR:process_memory_win.cc(73)] ReadMemory at 0x2fd03a47b90 of 132 bytes failed: Запрос ReadProcessMemory или WriteProcessMemory был выполнен только частично. (0x12B)
[1107/131336.594:ERROR:process_memory_win.cc(73)] ReadMemory at 0x2fd03a47cc0 of 132 bytes failed: Запрос ReadProcessMemory или WriteProcessMemory был выполнен только частично. (0x12B)
[1107/131336.594:ERROR:process_memory_win.cc(73)] ReadMemory at 0x2fd03a47df0 of 132 bytes failed: Запрос ReadProcessMemory или WriteProcessMemory был выполнен только частично. (0x12B)
[1107/131336.594:ERROR:process_memory_win.cc(73)] ReadMemory at 0x2fd03a47f20 of 132 bytes failed: Запрос ReadProcessMemory или WriteProcessMemory был выполнен только частично. (0x12B)
[1107/131336.594:ERROR:process_memory_win.cc(73)] ReadMemory at 0x2fd03a48050 of 132 bytes failed: Запрос ReadProcessMemory или WriteProcessMemory был выполнен только частично. (0x12B)
[1107/131336.594:ERROR:process_memory_win.cc(73)] ReadMemory at 0x2fd03a48180 of 132 bytes failed: Запрос ReadProcessMemory или WriteProcessMemory был выполнен только частично. (0x12B)
[1107/131336.594:ERROR:process_memory_win.cc(73)] ReadMemory at 0x2fd03a482b0 of 132 bytes failed: Запрос ReadProcessMemory или WriteProcessMemory был выполнен только частично. (0x12B)
[1107/131336.594:ERROR:process_memory_win.cc(73)] ReadMemory at 0x2fd03a483e0 of 132 bytes failed: Запрос ReadProcessMemory или WriteProcessMemory был выполнен только частично. (0x12B)
[1107/131336.594:ERROR:process_memory_win.cc(73)] ReadMemory at 0x2fd03a48510 of 132 bytes failed: Запрос ReadProcessMemory или WriteProcessMemory был выполнен только частично. (0x12B)
[1107/131336.594:ERROR:process_memory_win.cc(73)] ReadMemory at 0x2fd03a48640 of 132 bytes failed: Запрос ReadProcessMemory или WriteProcessMemory был выполнен только частично. (0x12B)
[1107/131336.594:ERROR:process_memory_win.cc(73)] ReadMemory at 0x2fd03a48770 of 132 bytes failed: Запрос ReadProcessMemory или WriteProcessMemory был выполнен только частично. (0x12B)
[1107/131336.594:ERROR:process_memory_win.cc(73)] ReadMemory at 0x2fd03a488a0 of 132 bytes failed: Запрос ReadProcessMemory или WriteProcessMemory был выполнен только частично. (0x12B)
[1107/131336.594:ERROR:process_memory_win.cc(73)] ReadMemory at 0x2fd03a489d0 of 132 bytes failed: Запрос ReadProcessMemory или WriteProcessMemory был выполнен только частично. (0x12B)
[1107/131336.594:ERROR:process_memory_win.cc(73)] ReadMemory at 0x2fd03a48b00 of 132 bytes failed: Запрос ReadProcessMemory или WriteProcessMemory был выполнен только частично. (0x12B)
[1107/131336.594:ERROR:process_memory_win.cc(73)] ReadMemory at 0x2fd03a53c90 of 62 bytes failed: Запрос ReadProcessMemory или WriteProcessMemory был выполнен только частично. (0x12B)
[1107/131336.594:ERROR:process_memory_win.cc(73)] ReadMemory at 0x2fd03a54140 of 62 bytes failed: Запрос ReadProcessMemory или WriteProcessMemory был выполнен только частично. (0x12B)
[1107/131336.595:ERROR:process_memory_win.cc(73)] ReadMemory at 0x2fd03a54460 of 64 bytes failed: Запрос ReadProcessMemory или WriteProcessMemory был выполнен только частично. (0x12B)
[1107/131336.595:ERROR:process_memory_win.cc(73)] ReadMemory at 0x2fd03a546e0 of 62 bytes failed: Запрос ReadProcessMemory или WriteProcessMemory был выполнен только частично. (0x12B)
[1107/131336.595:ERROR:process_memory_win.cc(73)] ReadMemory at 0x2fd03a5f7e0 of 512 bytes failed: Запрос ReadProcessMemory или WriteProcessMemory был выполнен только частично. (0x12B)
[1107/131336.595:ERROR:process_memory_win.cc(73)] ReadMemory at 0x2fd03a64240 of 512 bytes failed: Запрос ReadProcessMemory или WriteProcessMemory был выполнен только частично. (0x12B)
[1107/131336.595:ERROR:process_memory_win.cc(73)] ReadMemory at 0x2fd04010e80 of 512 bytes failed: Запрос ReadProcessMemory или WriteProcessMemory был выполнен только частично. (0x12B)
[1107/131336.595:ERROR:process_memory_win.cc(73)] ReadMemory at 0x2fd04050000 of 384 bytes failed: Запрос ReadProcessMemory или WriteProcessMemory был выполнен только частично. (0x12B)
[1107/131336.595:ERROR:process_memory_win.cc(73)] ReadMemory at 0x2fd04085b90 of 512 bytes failed: Запрос ReadProcessMemory или WriteProcessMemory был выполнен только частично. (0x12B)
[1107/131336.595:ERROR:process_memory_win.cc(73)] ReadMemory at 0x2fd040969d0 of 944 bytes failed: Запрос ReadProcessMemory или WriteProcessMemory был выполнен только частично. (0x12B)
[1107/131336.595:ERROR:process_memory_win.cc(73)] ReadMemory at 0x2fd04097df0 of 528 bytes failed: Запрос ReadProcessMemory или WriteProcessMemory был выполнен только частично. (0x12B)
[1107/131336.595:ERROR:process_memory_win.cc(73)] ReadMemory at 0x2fd0409c320 of 512 bytes failed: Запрос ReadProcessMemory или WriteProcessMemory был выполнен только частично. (0x12B)
[1107/131336.595:ERROR:process_memory_win.cc(73)] ReadMemory at 0x7ffdc1a2e6e0 of 512 bytes failed: Запрос ReadProcessMemory или WriteProcessMemory был выполнен только частично. (0x12B)
[1107/131336.595:ERROR:process_memory_win.cc(73)] ReadMemory at 0x7ffdc54f8ef0 of 512 bytes failed: Запрос ReadProcessMemory или WriteProcessMemory был выполнен только частично. (0x12B)
[1107/131336.595:ERROR:process_memory_win.cc(73)] ReadMemory at 0x7ffe21e921f0 of 512 bytes failed: Запрос ReadProcessMemory или WriteProcessMemory был выполнен только частично. (0x12B)
[1107/131336.595:ERROR:process_memory_win.cc(73)] ReadMemory at 0x7ffe233bff00 of 512 bytes failed: Запрос ReadProcessMemory или WriteProcessMemory был выполнен только частично. (0x12B)
[1107/131336.595:ERROR:process_memory_win.cc(73)] ReadMemory at 0x7ffe2340f764 of 672 bytes failed: Запрос ReadProcessMemory или WriteProcessMemory был выполнен только частично. (0x12B)
[1107/131336.595:ERROR:process_memory_win.cc(73)] ReadMemory at 0x7ffe2340fd64 of 512 bytes failed: Запрос ReadProcessMemory или WriteProcessMemory был выполнен только частично. (0x12B)
[1107/131336.595:ERROR:process_memory_win.cc(73)] ReadMemory at 0x7ffe23413054 of 512 bytes failed: Запрос ReadProcessMemory или WriteProcessMemory был выполнен только частично. (0x12B)
[1107/131336.595:ERROR:process_memory_win.cc(73)] ReadMemory at 0x7ffe2349c0c8 of 18 bytes failed: Запрос ReadProcessMemory или WriteProcessMemory был выполнен только частично. (0x12B)
[1107/131336.595:ERROR:process_memory_win.cc(73)] ReadMemory at 0x7ffe234cf4f8 of 40 bytes failed: Запрос ReadProcessMemory или WriteProcessMemory был выполнен только частично. (0x12B)
[1107/131336.595:ERROR:process_memory_win.cc(73)] ReadMemory at 0x7ffe234cf978 of 48 bytes failed: Запрос ReadProcessMemory или WriteProcessMemory был выполнен только частично. (0x12B)
[1107/131336.595:ERROR:process_memory_win.cc(73)] ReadMemory at 0x7ffe234d53a0 of 64 bytes failed: Запрос ReadProcessMemory или WriteProcessMemory был выполнен только частично. (0x12B)
[1107/131336.597:ERROR:scoped_process_suspend.cc(40)] NtResumeProcess: Попытка доступа к процессу, выполняющему процедуру завершения. (0xc000010a)
[1107/131336.597:ERROR:file_io_win.cc(161)] CreateFile C:\Users\ANDREY~1\AppData\Local\Temp\scoped_dir14800_1783600653\Crashpad\settings.dat: Не удается найти указанный файл. (0x2)
[1111/193732.063:ERROR:scoped_process_suspend.cc(31)] NtSuspendProcess: Попытка доступа к процессу, выполняющему процедуру завершения. (0xc000010a)
[1111/193732.066:ERROR:process_info.cc(118)] ReadProcessMemory bool __cdecl crashpad::(anonymous namespace)::ReadStruct(HANDLE, crashpad::WinVMAddress, T *) [T = crashpad::process_types::PEB<crashpad::process_types::internal::Traits64>]: Запрос ReadProcessMemory или WriteProcessMemory был выполнен только частично. (0x12B)
[1111/193732.066:ERROR:process_info.cc(551)] ReadProcessData failed
[1111/193732.140:ERROR:process_info.cc(359)] UncheckedAllocate
[1111/193732.154:ERROR:process_info.cc(359)] UncheckedAllocate
[1111/193732.178:ERROR:process_info.cc(359)] UncheckedAllocate
